# JRE version: Java(TM) SE Runtime Environment (8.0_60-b27) (build 1.8.0_60-b27)
# Java VM: Java HotSpot(TM) 64-Bit Server VM (25.60-b23 mixed mode windows-amd64 compressed oops)
Heap:
 PSYoungGen      total 197120K, used 106394K [0x00000000eab00000, 0x00000000f8800000, 0x0000000100000000)
  eden space 178688K, 49% used [0x00000000eab00000,0x00000000f00ead88,0x00000000f5980000)
  from space 18432K, 99% used [0x00000000f7000000,0x00000000f81fbac0,0x00000000f8200000)
  to   space 23040K, 0% used [0x00000000f5980000,0x00000000f5980000,0x00000000f7000000)
 ParOldGen       total 64512K, used 21346K [0x00000000c0000000, 0x00000000c3f00000, 0x00000000eab00000)
  object space 64512K, 33% used [0x00000000c0000000,0x00000000c14d8bd8,0x00000000c3f00000)
 Metaspace       used 47472K, capacity 48876K, committed 49152K, reserved 1091584K
  class space    used 6423K, capacity 6820K, committed 6912K, reserved 1048576K
GC Heap History (10 events):
Event: 90.256 GC heap before
{Heap before GC invocations=8 (full 1):
 PSYoungGen      total 137216K, used 129428K [0x00000000eab00000, 0x00000000f3e00000, 0x0000000100000000)
  eden space 125952K, 100% used [0x00000000eab00000,0x00000000f2600000,0x00000000f2600000)
  from space 11264K, 30% used [0x00000000f3300000,0x00000000f3665120,0x00000000f3e00000)
  to   space 12288K, 0% used [0x00000000f2600000,0x00000000f2600000,0x00000000f3200000)
 ParOldGen       total 55808K, used 11764K [0x00000000c0000000, 0x00000000c3680000, 0x00000000eab00000)
  object space 55808K, 21% used [0x00000000c0000000,0x00000000c0b7d3e0,0x00000000c3680000)
 Metaspace       used 31543K, capacity 32226K, committed 32640K, reserved 1077248K
  class space    used 4239K, capacity 4379K, committed 4480K, reserved 1048576K
Event: 90.278 GC heap after
Heap after GC invocations=8 (full 1):
 PSYoungGen      total 138240K, used 12264K [0x00000000eab00000, 0x00000000f3e00000, 0x0000000100000000)
  eden space 125952K, 0% used [0x00000000eab00000,0x00000000eab00000,0x00000000f2600000)
  from space 12288K, 99% used [0x00000000f2600000,0x00000000f31fa270,0x00000000f3200000)
  to   space 11264K, 0% used [0x00000000f3300000,0x00000000f3300000,0x00000000f3e00000)
 ParOldGen       total 55808K, used 14784K [0x00000000c0000000, 0x00000000c3680000, 0x00000000eab00000)
  object space 55808K, 26% used [0x00000000c0000000,0x00000000c0e70200,0x00000000c3680000)
 Metaspace       used 31543K, capacity 32226K, committed 32640K, reserved 1077248K
  class space    used 4239K, capacity 4379K, committed 4480K, reserved 1048576K
}
Event: 115.499 GC heap before
{Heap before GC invocations=9 (full 1):
 PSYoungGen      total 138240K, used 76443K [0x00000000eab00000, 0x00000000f3e00000, 0x0000000100000000)
  eden space 125952K, 50% used [0x00000000eab00000,0x00000000ee9acb50,0x00000000f2600000)
  from space 12288K, 99% used [0x00000000f2600000,0x00000000f31fa270,0x00000000f3200000)
  to   space 11264K, 0% used [0x00000000f3300000,0x00000000f3300000,0x00000000f3e00000)
 ParOldGen       total 55808K, used 14784K [0x00000000c0000000, 0x00000000c3680000, 0x00000000eab00000)
  object space 55808K, 26% used [0x00000000c0000000,0x00000000c0e70200,0x00000000c3680000)
 Metaspace       used 34538K, capacity 35278K, committed 35496K, reserved 1079296K
  class space    used 4546K, capacity 4747K, committed 4864K, reserved 1048576K
Event: 115.794 GC heap after
Heap after GC invocations=9 (full 1):
 PSYoungGen      total 134144K, used 9111K [0x00000000eab00000, 0x00000000fbc80000, 0x0000000100000000)
  eden space 122880K, 0% used [0x00000000eab00000,0x00000000eab00000,0x00000000f2300000)
  from space 11264K, 80% used [0x00000000f3300000,0x00000000f3be5ef8,0x00000000f3e00000)
  to   space 16384K, 0% used [0x00000000f2300000,0x00000000f2300000,0x00000000f3300000)
 ParOldGen       total 55808K, used 15876K [0x00000000c0000000, 0x00000000c3680000, 0x00000000eab00000)
  object space 55808K, 28% used [0x00000000c0000000,0x00000000c0f81250,0x00000000c3680000)
 Metaspace       used 34538K, capacity 35278K, committed 35496K, reserved 1079296K
  class space    used 4546K, capacity 4747K, committed 4864K, reserved 1048576K
}
Event: 115.794 GC heap before
{Heap before GC invocations=10 (full 2):
 PSYoungGen      total 134144K, used 9111K [0x00000000eab00000, 0x00000000fbc80000, 0x0000000100000000)
  eden space 122880K, 0% used [0x00000000eab00000,0x00000000eab00000,0x00000000f2300000)
  from space 11264K, 80% used [0x00000000f3300000,0x00000000f3be5ef8,0x00000000f3e00000)
  to   space 16384K, 0% used [0x00000000f2300000,0x00000000f2300000,0x00000000f3300000)
 ParOldGen       total 55808K, used 15876K [0x00000000c0000000, 0x00000000c3680000, 0x00000000eab00000)
  object space 55808K, 28% used [0x00000000c0000000,0x00000000c0f81250,0x00000000c3680000)
 Metaspace       used 34538K, capacity 35278K, committed 35496K, reserved 1079296K
  class space    used 4546K, capacity 4747K, committed 4864K, reserved 1048576K
Event: 116.657 GC heap after
Heap after GC invocations=10 (full 2):
 PSYoungGen      total 134144K, used 0K [0x00000000eab00000, 0x00000000fbc80000, 0x0000000100000000)
  eden space 122880K, 0% used [0x00000000eab00000,0x00000000eab00000,0x00000000f2300000)
  from space 11264K, 0% used [0x00000000f3300000,0x00000000f3300000,0x00000000f3e00000)
  to   space 16384K, 0% used [0x00000000f2300000,0x00000000f2300000,0x00000000f3300000)
 ParOldGen       total 64512K, used 16134K [0x00000000c0000000, 0x00000000c3f00000, 0x00000000eab00000)
  object space 64512K, 25% used [0x00000000c0000000,0x00000000c0fc1938,0x00000000c3f00000)
 Metaspace       used 34481K, capacity 35210K, committed 35496K, reserved 1079296K
  class space    used 4527K, capacity 4727K, committed 4864K, reserved 1048576K
}
Event: 145.755 GC heap before
{Heap before GC invocations=11 (full 2):
 PSYoungGen      total 134144K, used 122880K [0x00000000eab00000, 0x00000000fbc80000, 0x0000000100000000)
  eden space 122880K, 100% used [0x00000000eab00000,0x00000000f2300000,0x00000000f2300000)
  from space 11264K, 0% used [0x00000000f3300000,0x00000000f3300000,0x00000000f3e00000)
  to   space 16384K, 0% used [0x00000000f2300000,0x00000000f2300000,0x00000000f3300000)
 ParOldGen       total 64512K, used 16134K [0x00000000c0000000, 0x00000000c3f00000, 0x00000000eab00000)
  object space 64512K, 25% used [0x00000000c0000000,0x00000000c0fc1938,0x00000000c3f00000)
 Metaspace       used 41546K, capacity 42426K, committed 42752K, reserved 1085440K
  class space    used 5559K, capacity 5830K, committed 5888K, reserved 1048576K
Event: 145.785 GC heap after
Heap after GC invocations=11 (full 2):
 PSYoungGen      total 139264K, used 13711K [0x00000000eab00000, 0x00000000f8200000, 0x0000000100000000)
  eden space 122880K, 0% used [0x00000000eab00000,0x00000000eab00000,0x00000000f2300000)
  from space 16384K, 83% used [0x00000000f2300000,0x00000000f3063ed0,0x00000000f3300000)
  to   space 18432K, 0% used [0x00000000f7000000,0x00000000f7000000,0x00000000f8200000)
 ParOldGen       total 64512K, used 16134K [0x00000000c0000000, 0x00000000c3f00000, 0x00000000eab00000)
  object space 64512K, 25% used [0x00000000c0000000,0x00000000c0fc1938,0x00000000c3f00000)
 Metaspace       used 41546K, capacity 42426K, committed 42752K, reserved 1085440K
  class space    used 5559K, capacity 5830K, committed 5888K, reserved 1048576K
}
Event: 161.946 GC heap before
{Heap before GC invocations=12 (full 2):
 PSYoungGen      total 139264K, used 136591K [0x00000000eab00000, 0x00000000f8200000, 0x0000000100000000)
  eden space 122880K, 100% used [0x00000000eab00000,0x00000000f2300000,0x00000000f2300000)
  from space 16384K, 83% used [0x00000000f2300000,0x00000000f3063ed0,0x00000000f3300000)
  to   space 18432K, 0% used [0x00000000f7000000,0x00000000f7000000,0x00000000f8200000)
 ParOldGen       total 64512K, used 16134K [0x00000000c0000000, 0x00000000c3f00000, 0x00000000eab00000)
  object space 64512K, 25% used [0x00000000c0000000,0x00000000c0fc1938,0x00000000c3f00000)
 Metaspace       used 45345K, capacity 46498K, committed 46720K, reserved 1089536K
  class space    used 6102K, capacity 6454K, committed 6528K, reserved 1048576K
Event: 161.982 GC heap after
Heap after GC invocations=12 (full 2):
 PSYoungGen      total 197120K, used 18414K [0x00000000eab00000, 0x00000000f8800000, 0x0000000100000000)
  eden space 178688K, 0% used [0x00000000eab00000,0x00000000eab00000,0x00000000f5980000)
  from space 18432K, 99% used [0x00000000f7000000,0x00000000f81fbac0,0x00000000f8200000)
  to   space 23040K, 0% used [0x00000000f5980000,0x00000000f5980000,0x00000000f7000000)
 ParOldGen       total 64512K, used 21346K [0x00000000c0000000, 0x00000000c3f00000, 0x00000000eab00000)
  object space 64512K, 33% used [0x00000000c0000000,0x00000000c14d8bd8,0x00000000c3f00000)
 Metaspace       used 45345K, capacity 46498K, committed 46720K, reserved 1089536K
  class space    used 6102K, capacity 6454K, committed 6528K, reserved 1048576K
}

